<?xml version="1.0" encoding="UTF-8"?>
<testsuite xmlns:xsi="http://www.w3.org/2001/XMLSchema-instance" xsi:noNamespaceSchemaLocation="https://maven.apache.org/surefire/maven-surefire-plugin/xsd/surefire-test-report.xsd" version="3.0.2" name="com.sportscarprices.sportscarprices.SportscarpricesApplicationTests" time="8.937" tests="1" errors="0" skipped="0" failures="0">
  <properties>
[...]
</properties>
  <testcase name="contextLoads" classname="com.sportscarprices.sportscarprices.SportscarpricesApplicationTests" time="0.75">
    <system-out><![CDATA[11:05:00.048 [main] INFO org.springframework.test.context.support.AnnotationConfigContextLoaderUtils -- Could not detect default configuration classes for test class [com.sportscarprices.sportscarprices.SportscarpricesApplicationTests]: SportscarpricesApplicationTests does not declare any static, non-private, non-final, nested classes annotated with @Configuration.
11:05:00.254 [main] INFO org.springframework.boot.test.context.SpringBootTestContextBootstrapper -- Found @SpringBootConfiguration com.sportscarprices.SportscarpricesApplication for test class com.sportscarprices.sportscarprices.SportscarpricesApplicationTests
11:05:00.490 [main] INFO org.springframework.boot.devtools.restart.RestartApplicationListener -- Restart disabled due to context in which it is running

  .   ____          _            __ _ _
 /\\ / ___'_ __ _ _(_)_ __  __ _ \ \ \ \
( ( )\___ | '_ | '_| | '_ \/ _` | \ \ \ \
 \\/  ___)| |_)| | | | | || (_| |  ) ) ) )
  '  |____| .__|_| |_|_| |_\__, | / / / /
 =========|_|==============|___/=/_/_/_/

 :: Spring Boot ::                (v3.4.5)

2025-05-19T11:05:00.960+01:00  INFO 11820 --- [sportscarprices] [           main] c.s.s.SportscarpricesApplicationTests    : Starting SportscarpricesApplicationTests using Java 24.0.1 with PID 11820 (started by theda in D:\java_learn\SpringBoot\sportscarprices&info\sportsCarPrices_Backend\sportscarprices)
2025-05-19T11:05:00.961+01:00  INFO 11820 --- [sportscarprices] [           main] c.s.s.SportscarpricesApplicationTests    : No active profile set, falling back to 1 default profile: "default"
2025-05-19T11:05:01.938+01:00  INFO 11820 --- [sportscarprices] [           main] .s.d.r.c.RepositoryConfigurationDelegate : Bootstrapping Spring Data JPA repositories in DEFAULT mode.
2025-05-19T11:05:02.038+01:00  INFO 11820 --- [sportscarprices] [           main] .s.d.r.c.RepositoryConfigurationDelegate : Finished Spring Data repository scanning in 84 ms. Found 1 JPA repository interface.
2025-05-19T11:05:02.912+01:00  INFO 11820 --- [sportscarprices] [           main] o.hibernate.jpa.internal.util.LogHelper  : HHH000204: Processing PersistenceUnitInfo [name: default]
2025-05-19T11:05:03.071+01:00  INFO 11820 --- [sportscarprices] [           main] org.hibernate.Version                    : HHH000412: Hibernate ORM core version 6.6.13.Final
2025-05-19T11:05:03.225+01:00  INFO 11820 --- [sportscarprices] [           main] o.h.c.internal.RegionFactoryInitiator    : HHH000026: Second-level cache disabled
2025-05-19T11:05:03.983+01:00  INFO 11820 --- [sportscarprices] [           main] o.s.o.j.p.SpringPersistenceUnitInfo      : No LoadTimeWeaver setup: ignoring JPA class transformer
2025-05-19T11:05:04.059+01:00  INFO 11820 --- [sportscarprices] [           main] com.zaxxer.hikari.HikariDataSource       : HikariPool-1 - Starting...
2025-05-19T11:05:05.212+01:00  INFO 11820 --- [sportscarprices] [           main] com.zaxxer.hikari.pool.HikariPool        : HikariPool-1 - Added connection org.postgresql.jdbc.PgConnection@acb5508
2025-05-19T11:05:05.215+01:00  INFO 11820 --- [sportscarprices] [           main] com.zaxxer.hikari.HikariDataSource       : HikariPool-1 - Start completed.
2025-05-19T11:05:05.387+01:00  WARN 11820 --- [sportscarprices] [           main] org.hibernate.orm.deprecation            : HHH90000025: PostgreSQLDialect does not need to be specified explicitly using 'hibernate.dialect' (remove the property setting and it will be selected by default)
2025-05-19T11:05:05.474+01:00  INFO 11820 --- [sportscarprices] [           main] org.hibernate.orm.connections.pooling    : HHH10001005: Database info:
	Database JDBC URL [Connecting through datasource 'HikariDataSource (HikariPool-1)']
	Database driver: undefined/unknown
	Database version: 16.8
	Autocommit mode: undefined/unknown
	Isolation level: undefined/unknown
	Minimum pool size: undefined/unknown
	Maximum pool size: undefined/unknown
2025-05-19T11:05:06.547+01:00  INFO 11820 --- [sportscarprices] [           main] o.h.e.t.j.p.i.JtaPlatformInitiator       : HHH000489: No JTA platform available (set 'hibernate.transaction.jta.platform' to enable JTA platform integration)
2025-05-19T11:05:06.743+01:00  INFO 11820 --- [sportscarprices] [           main] j.LocalContainerEntityManagerFactoryBean : Initialized JPA EntityManagerFactory for persistence unit 'default'
2025-05-19T11:05:07.332+01:00  WARN 11820 --- [sportscarprices] [           main] JpaBaseConfiguration$JpaWebConfiguration : spring.jpa.open-in-view is enabled by default. Therefore, database queries may be performed during view rendering. Explicitly configure spring.jpa.open-in-view to disable this warning
2025-05-19T11:05:07.933+01:00  INFO 11820 --- [sportscarprices] [           main] c.s.s.SportscarpricesApplicationTests    : Started SportscarpricesApplicationTests in 7.466 seconds (process running for 8.885)
]]></system-out>
    <system-err><![CDATA[Mockito is currently self-attaching to enable the inline-mock-maker. This will no longer work in future releases of the JDK. Please add Mockito as an agent to your build what is described in Mockito's documentation: https://javadoc.io/doc/org.mockito/mockito-core/latest/org/mockito/Mockito.html#0.3
WARNING: A Java agent has been loaded dynamically (C:\Users\theda\.m2\repository\net\bytebuddy\byte-buddy-agent\1.15.11\byte-buddy-agent-1.15.11.jar)
WARNING: If a serviceability tool is in use, please run with -XX:+EnableDynamicAgentLoading to hide this warning
WARNING: If a serviceability tool is not in use, please run with -Djdk.instrument.traceUsage for more information
WARNING: Dynamic loading of agents will be disallowed by default in a future release
]]></system-err>
  </testcase>
</testsuite>